<?xml version="1.0" encoding="UTF-8"?>
<coverage generated="1462756650797" clover="3.2.0">
	<project timestamp="1462756650797"  name="All Files" >
		<metrics statements="30"  coveredstatements="14"  conditionals="12"  coveredconditionals="9"  methods="14"  coveredmethods="3"  elements="56"  coveredelements="26"  complexity="0"  packages="3"  files="3"  classes="3"  loc="95"  ncloc="95" />
		<package name="actions" >
			<metrics statements="6"  coveredstatements="4"  conditionals="4"  coveredconditionals="3"  methods="3"  coveredmethods="1" />
			<file name="ClinicActions.js"  path="/Users/markpaul/Documents/software/react-native-universal-scaffold/src/common/actions/ClinicActions.js" >
				<metrics statements="6"  coveredstatements="4"  conditionals="4"  coveredconditionals="3"  methods="3"  coveredmethods="1" />
				<line num="3"  count="3"  type="stmt" />
				<line num="4"  count="6"  type="cond"  truecount="3"  falsecount="1" />
				<line num="6"  count="3"  type="stmt" />
				<line num="9"  count="0"  type="stmt" />
				<line num="16"  count="0"  type="stmt" />
				<line num="24"  count="3"  type="stmt" />
			</file>
		</package>
		<package name="constants" >
			<metrics statements="2"  coveredstatements="2"  conditionals="4"  coveredconditionals="3"  methods="1"  coveredmethods="1" />
			<file name="ClinicConstants.js"  path="/Users/markpaul/Documents/software/react-native-universal-scaffold/src/common/constants/ClinicConstants.js" >
				<metrics statements="2"  coveredstatements="2"  conditionals="4"  coveredconditionals="3"  methods="1"  coveredmethods="1" />
				<line num="3"  count="3"  type="cond"  truecount="3"  falsecount="1" />
				<line num="5"  count="3"  type="stmt" />
			</file>
		</package>
		<package name="dispatcher" >
			<metrics statements="22"  coveredstatements="8"  conditionals="4"  coveredconditionals="3"  methods="10"  coveredmethods="1" />
			<file name="AppDispatcher.js"  path="/Users/markpaul/Documents/software/react-native-universal-scaffold/src/common/dispatcher/AppDispatcher.js" >
				<metrics statements="22"  coveredstatements="8"  conditionals="4"  coveredconditionals="3"  methods="10"  coveredmethods="1" />
				<line num="3"  count="3"  type="stmt" />
				<line num="4"  count="3"  type="cond"  truecount="3"  falsecount="1" />
				<line num="6"  count="3"  type="stmt" />
				<line num="7"  count="3"  type="stmt" />
				<line num="9"  count="3"  type="stmt" />
				<line num="10"  count="3"  type="stmt" />
				<line num="18"  count="0"  type="stmt" />
				<line num="19"  count="0"  type="stmt" />
				<line num="28"  count="0"  type="stmt" />
				<line num="29"  count="0"  type="stmt" />
				<line num="30"  count="0"  type="stmt" />
				<line num="31"  count="0"  type="stmt" />
				<line num="32"  count="0"  type="stmt" />
				<line num="33"  count="0"  type="stmt" />
				<line num="37"  count="0"  type="stmt" />
				<line num="40"  count="0"  type="stmt" />
				<line num="41"  count="0"  type="stmt" />
				<line num="43"  count="0"  type="stmt" />
				<line num="46"  count="0"  type="stmt" />
				<line num="50"  count="3"  type="stmt" />
				<line num="58"  count="0"  type="stmt" />
				<line num="66"  count="3"  type="stmt" />
			</file>
		</package>
	</project>
</coverage>
