{
"/Users/markpaul/Documents/software/react-native-universal-scaffold/src/common/actions/ClinicActions.js":{"path":"/Users/markpaul/Documents/software/react-native-universal-scaffold/src/common/actions/ClinicActions.js","s":{"1":3,"2":3,"3":3,"4":3,"5":1,"6":6,"7":3,"8":0,"9":0,"10":3},"b":{"1":[0,6],"2":[6,6]},"f":{"1":6,"2":0,"3":0},"fnMap":{"1":{"name":"_interopRequireDefault","line":4,"loc":{"start":{"line":4,"column":177},"end":{"line":4,"column":214}}},"2":{"name":"selectAppointment","line":8,"loc":{"start":{"line":8,"column":21},"end":{"line":8,"column":78}}},"3":{"name":"updateAppointments","line":15,"loc":{"start":{"line":15,"column":22},"end":{"line":15,"column":88}}}},"statementMap":{"1":{"start":{"line":3,"column":0},"end":{"line":3,"column":84}},"2":{"start":{"line":3,"column":109},"end":{"line":3,"column":170}},"3":{"start":{"line":4,"column":0},"end":{"line":4,"column":87}},"4":{"start":{"line":4,"column":112},"end":{"line":4,"column":177}},"5":{"start":{"line":4,"column":177},"end":{"line":4,"column":270}},"6":{"start":{"line":4,"column":215},"end":{"line":4,"column":269}},"7":{"start":{"line":6,"column":0},"end":{"line":18,"column":40}},"8":{"start":{"line":9,"column":28},"end":{"line":11,"column":20}},"9":{"start":{"line":16,"column":28},"end":{"line":18,"column":36}},"10":{"start":{"line":24,"column":0},"end":{"line":24,"column":31}}},"branchMap":{"1":{"line":4,"type":"cond-expr","locations":[{"start":{"line":4,"column":246},"end":{"line":4,"column":249}},{"start":{"line":4,"column":252},"end":{"line":4,"column":268}}]},"2":{"line":4,"type":"binary-expr","locations":[{"start":{"line":4,"column":222},"end":{"line":4,"column":225}},{"start":{"line":4,"column":229},"end":{"line":4,"column":243}}]}},"l":{"3":3,"4":6,"6":3,"9":0,"16":0,"24":3}},
"/Users/markpaul/Documents/software/react-native-universal-scaffold/src/common/dispatcher/AppDispatcher.js":{"path":"/Users/markpaul/Documents/software/react-native-universal-scaffold/src/common/dispatcher/AppDispatcher.js","s":{"1":3,"2":3,"3":3,"4":1,"5":3,"6":3,"7":3,"8":3,"9":3,"10":0,"11":0,"12":0,"13":0,"14":0,"15":0,"16":0,"17":0,"18":0,"19":0,"20":0,"21":0,"22":0,"23":3,"24":0,"25":3},"b":{"1":[0,3],"2":[3,3]},"f":{"1":3,"2":0,"3":0,"4":0,"5":0,"6":0,"7":0,"8":0,"9":0,"10":0},"fnMap":{"1":{"name":"_interopRequireDefault","line":4,"loc":{"start":{"line":4,"column":153},"end":{"line":4,"column":190}}},"2":{"name":"Dispatcher","line":9,"loc":{"start":{"line":9,"column":17},"end":{"line":9,"column":39}}},"3":{"name":"register","line":17,"loc":{"start":{"line":17,"column":12},"end":{"line":17,"column":64}}},"4":{"name":"dispatch","line":26,"loc":{"start":{"line":26,"column":12},"end":{"line":26,"column":63}}},"5":{"name":"(anonymous_5)","line":30,"loc":{"start":{"line":30,"column":31},"end":{"line":30,"column":47}}},"6":{"name":"(anonymous_6)","line":31,"loc":{"start":{"line":31,"column":61},"end":{"line":31,"column":88}}},"7":{"name":"(anonymous_7)","line":37,"loc":{"start":{"line":37,"column":23},"end":{"line":37,"column":46}}},"8":{"name":"(anonymous_8)","line":40,"loc":{"start":{"line":40,"column":82},"end":{"line":40,"column":94}}},"9":{"name":"(anonymous_9)","line":42,"loc":{"start":{"line":42,"column":6},"end":{"line":42,"column":18}}},"10":{"name":"handleViewAction","line":57,"loc":{"start":{"line":57,"column":20},"end":{"line":57,"column":78}}}},"statementMap":{"1":{"start":{"line":3,"column":0},"end":{"line":3,"column":65}},"2":{"start":{"line":4,"column":0},"end":{"line":4,"column":69}},"3":{"start":{"line":4,"column":94},"end":{"line":4,"column":153}},"4":{"start":{"line":4,"column":153},"end":{"line":4,"column":246}},"5":{"start":{"line":4,"column":191},"end":{"line":4,"column":245}},"6":{"start":{"line":6,"column":0},"end":{"line":6,"column":20}},"7":{"start":{"line":7,"column":0},"end":{"line":7,"column":19}},"8":{"start":{"line":9,"column":0},"end":{"line":9,"column":42}},"9":{"start":{"line":10,"column":0},"end":{"line":46,"column":24}},"10":{"start":{"line":18,"column":4},"end":{"line":18,"column":30}},"11":{"start":{"line":19,"column":4},"end":{"line":19,"column":33}},"12":{"start":{"line":28,"column":4},"end":{"line":28,"column":22}},"13":{"start":{"line":29,"column":4},"end":{"line":29,"column":21}},"14":{"start":{"line":30,"column":4},"end":{"line":33,"column":34}},"15":{"start":{"line":31,"column":6},"end":{"line":33,"column":31}},"16":{"start":{"line":32,"column":8},"end":{"line":32,"column":30}},"17":{"start":{"line":33,"column":8},"end":{"line":33,"column":28}},"18":{"start":{"line":37,"column":4},"end":{"line":43,"column":72}},"19":{"start":{"line":40,"column":30},"end":{"line":43,"column":69}},"20":{"start":{"line":41,"column":8},"end":{"line":41,"column":29}},"21":{"start":{"line":43,"column":8},"end":{"line":43,"column":66}},"22":{"start":{"line":46,"column":4},"end":{"line":46,"column":19}},"23":{"start":{"line":50,"column":0},"end":{"line":60,"column":29}},"24":{"start":{"line":58,"column":4},"end":{"line":60,"column":24}},"25":{"start":{"line":66,"column":0},"end":{"line":66,"column":31}}},"branchMap":{"1":{"line":4,"type":"cond-expr","locations":[{"start":{"line":4,"column":222},"end":{"line":4,"column":225}},{"start":{"line":4,"column":228},"end":{"line":4,"column":244}}]},"2":{"line":4,"type":"binary-expr","locations":[{"start":{"line":4,"column":198},"end":{"line":4,"column":201}},{"start":{"line":4,"column":205},"end":{"line":4,"column":219}}]}},"l":{"3":3,"4":3,"6":3,"7":3,"9":3,"10":3,"18":0,"19":0,"28":0,"29":0,"30":0,"31":0,"32":0,"33":0,"37":0,"40":0,"41":0,"43":0,"46":0,"50":3,"58":0,"66":3}},
"/Users/markpaul/Documents/software/react-native-universal-scaffold/src/common/constants/ClinicConstants.js":{"path":"/Users/markpaul/Documents/software/react-native-universal-scaffold/src/common/constants/ClinicConstants.js","s":{"1":3,"2":3,"3":1,"4":3,"5":3},"b":{"1":[0,3],"2":[3,3]},"f":{"1":3},"fnMap":{"1":{"name":"_interopRequireDefault","line":3,"loc":{"start":{"line":3,"column":140},"end":{"line":3,"column":177}}}},"statementMap":{"1":{"start":{"line":3,"column":0},"end":{"line":3,"column":62}},"2":{"start":{"line":3,"column":87},"end":{"line":3,"column":140}},"3":{"start":{"line":3,"column":140},"end":{"line":3,"column":233}},"4":{"start":{"line":3,"column":178},"end":{"line":3,"column":232}},"5":{"start":{"line":5,"column":0},"end":{"line":7,"column":32}}},"branchMap":{"1":{"line":3,"type":"cond-expr","locations":[{"start":{"line":3,"column":209},"end":{"line":3,"column":212}},{"start":{"line":3,"column":215},"end":{"line":3,"column":231}}]},"2":{"line":3,"type":"binary-expr","locations":[{"start":{"line":3,"column":185},"end":{"line":3,"column":188}},{"start":{"line":3,"column":192},"end":{"line":3,"column":206}}]}},"l":{"3":3,"5":3}}}
