{
"/Users/markpaul/Documents/projects/clinic-app/src/common/actions/ClinicActions.js":{"path":"/Users/markpaul/Documents/projects/clinic-app/src/common/actions/ClinicActions.js","s":{"1":1,"2":1,"3":1,"4":1,"5":1,"6":2,"7":1,"8":0,"9":0,"10":0,"11":1},"b":{"1":[0,2],"2":[2,0]},"f":{"1":2,"2":0,"3":0,"4":0},"fnMap":{"1":{"name":"_interopRequireDefault","line":4,"loc":{"start":{"line":4,"column":177},"end":{"line":4,"column":214}}},"2":{"name":"updateActiveScreen","line":7,"loc":{"start":{"line":7,"column":22},"end":{"line":7,"column":80}}},"3":{"name":"selectAppointment","line":13,"loc":{"start":{"line":13,"column":21},"end":{"line":13,"column":78}}},"4":{"name":"updateAppointments","line":20,"loc":{"start":{"line":20,"column":22},"end":{"line":20,"column":88}}}},"statementMap":{"1":{"start":{"line":3,"column":0},"end":{"line":3,"column":84}},"2":{"start":{"line":3,"column":109},"end":{"line":3,"column":170}},"3":{"start":{"line":4,"column":0},"end":{"line":4,"column":87}},"4":{"start":{"line":4,"column":112},"end":{"line":4,"column":177}},"5":{"start":{"line":4,"column":177},"end":{"line":4,"column":270}},"6":{"start":{"line":4,"column":215},"end":{"line":4,"column":269}},"7":{"start":{"line":6,"column":0},"end":{"line":23,"column":40}},"8":{"start":{"line":8,"column":28},"end":{"line":9,"column":79}},"9":{"start":{"line":14,"column":28},"end":{"line":16,"column":20}},"10":{"start":{"line":21,"column":28},"end":{"line":23,"column":36}},"11":{"start":{"line":29,"column":0},"end":{"line":29,"column":31}}},"branchMap":{"1":{"line":4,"type":"cond-expr","locations":[{"start":{"line":4,"column":246},"end":{"line":4,"column":249}},{"start":{"line":4,"column":252},"end":{"line":4,"column":268}}]},"2":{"line":4,"type":"binary-expr","locations":[{"start":{"line":4,"column":222},"end":{"line":4,"column":225}},{"start":{"line":4,"column":229},"end":{"line":4,"column":243}}]}},"l":{"3":1,"4":2,"6":1,"8":0,"14":0,"21":0,"29":1}},
"/Users/markpaul/Documents/projects/clinic-app/src/common/dispatcher/AppDispatcher.js":{"path":"/Users/markpaul/Documents/projects/clinic-app/src/common/dispatcher/AppDispatcher.js","s":{"1":2,"2":2,"3":2,"4":2,"5":2,"6":2,"7":2,"8":2,"9":2,"10":0,"11":0,"12":0,"13":0,"14":0,"15":0,"16":0,"17":0,"18":0,"19":0,"20":0,"21":0,"22":0,"23":2,"24":0,"25":2},"b":{"1":[0,2],"2":[2,2]},"f":{"1":2,"2":0,"3":0,"4":0,"5":0,"6":0,"7":0,"8":0,"9":0,"10":0},"fnMap":{"1":{"name":"_interopRequireDefault","line":4,"loc":{"start":{"line":4,"column":153},"end":{"line":4,"column":190}}},"2":{"name":"Dispatcher","line":9,"loc":{"start":{"line":9,"column":17},"end":{"line":9,"column":39}}},"3":{"name":"register","line":17,"loc":{"start":{"line":17,"column":12},"end":{"line":17,"column":64}}},"4":{"name":"dispatch","line":26,"loc":{"start":{"line":26,"column":12},"end":{"line":26,"column":63}}},"5":{"name":"(anonymous_5)","line":30,"loc":{"start":{"line":30,"column":31},"end":{"line":30,"column":47}}},"6":{"name":"(anonymous_6)","line":31,"loc":{"start":{"line":31,"column":61},"end":{"line":31,"column":88}}},"7":{"name":"(anonymous_7)","line":37,"loc":{"start":{"line":37,"column":23},"end":{"line":37,"column":46}}},"8":{"name":"(anonymous_8)","line":40,"loc":{"start":{"line":40,"column":82},"end":{"line":40,"column":94}}},"9":{"name":"(anonymous_9)","line":42,"loc":{"start":{"line":42,"column":6},"end":{"line":42,"column":18}}},"10":{"name":"handleViewAction","line":57,"loc":{"start":{"line":57,"column":20},"end":{"line":57,"column":78}}}},"statementMap":{"1":{"start":{"line":3,"column":0},"end":{"line":3,"column":65}},"2":{"start":{"line":4,"column":0},"end":{"line":4,"column":69}},"3":{"start":{"line":4,"column":94},"end":{"line":4,"column":153}},"4":{"start":{"line":4,"column":153},"end":{"line":4,"column":246}},"5":{"start":{"line":4,"column":191},"end":{"line":4,"column":245}},"6":{"start":{"line":6,"column":0},"end":{"line":6,"column":20}},"7":{"start":{"line":7,"column":0},"end":{"line":7,"column":19}},"8":{"start":{"line":9,"column":0},"end":{"line":9,"column":42}},"9":{"start":{"line":10,"column":0},"end":{"line":46,"column":24}},"10":{"start":{"line":18,"column":4},"end":{"line":18,"column":30}},"11":{"start":{"line":19,"column":4},"end":{"line":19,"column":33}},"12":{"start":{"line":28,"column":4},"end":{"line":28,"column":22}},"13":{"start":{"line":29,"column":4},"end":{"line":29,"column":21}},"14":{"start":{"line":30,"column":4},"end":{"line":33,"column":34}},"15":{"start":{"line":31,"column":6},"end":{"line":33,"column":31}},"16":{"start":{"line":32,"column":8},"end":{"line":32,"column":30}},"17":{"start":{"line":33,"column":8},"end":{"line":33,"column":28}},"18":{"start":{"line":37,"column":4},"end":{"line":43,"column":72}},"19":{"start":{"line":40,"column":30},"end":{"line":43,"column":69}},"20":{"start":{"line":41,"column":8},"end":{"line":41,"column":29}},"21":{"start":{"line":43,"column":8},"end":{"line":43,"column":66}},"22":{"start":{"line":46,"column":4},"end":{"line":46,"column":19}},"23":{"start":{"line":50,"column":0},"end":{"line":60,"column":29}},"24":{"start":{"line":58,"column":4},"end":{"line":60,"column":24}},"25":{"start":{"line":66,"column":0},"end":{"line":66,"column":31}}},"branchMap":{"1":{"line":4,"type":"cond-expr","locations":[{"start":{"line":4,"column":222},"end":{"line":4,"column":225}},{"start":{"line":4,"column":228},"end":{"line":4,"column":244}}]},"2":{"line":4,"type":"binary-expr","locations":[{"start":{"line":4,"column":198},"end":{"line":4,"column":201}},{"start":{"line":4,"column":205},"end":{"line":4,"column":219}}]}},"l":{"3":2,"4":2,"6":2,"7":2,"9":2,"10":2,"18":0,"19":0,"28":0,"29":0,"30":0,"31":0,"32":0,"33":0,"37":0,"40":0,"41":0,"43":0,"46":0,"50":2,"58":0,"66":2}},
"/Users/markpaul/Documents/projects/clinic-app/src/common/constants/ClinicConstants.js":{"path":"/Users/markpaul/Documents/projects/clinic-app/src/common/constants/ClinicConstants.js","s":{"1":2,"2":2,"3":2,"4":2,"5":2},"b":{"1":[0,2],"2":[2,2]},"f":{"1":2},"fnMap":{"1":{"name":"_interopRequireDefault","line":3,"loc":{"start":{"line":3,"column":140},"end":{"line":3,"column":177}}}},"statementMap":{"1":{"start":{"line":3,"column":0},"end":{"line":3,"column":62}},"2":{"start":{"line":3,"column":87},"end":{"line":3,"column":140}},"3":{"start":{"line":3,"column":140},"end":{"line":3,"column":233}},"4":{"start":{"line":3,"column":178},"end":{"line":3,"column":232}},"5":{"start":{"line":5,"column":0},"end":{"line":8,"column":32}}},"branchMap":{"1":{"line":3,"type":"cond-expr","locations":[{"start":{"line":3,"column":209},"end":{"line":3,"column":212}},{"start":{"line":3,"column":215},"end":{"line":3,"column":231}}]},"2":{"line":3,"type":"binary-expr","locations":[{"start":{"line":3,"column":185},"end":{"line":3,"column":188}},{"start":{"line":3,"column":192},"end":{"line":3,"column":206}}]}},"l":{"3":2,"5":2}},
"/Users/markpaul/Documents/projects/clinic-app/src/common/stores/ClinicStore.js":{"path":"/Users/markpaul/Documents/projects/clinic-app/src/common/stores/ClinicStore.js","s":{"1":1,"2":1,"3":1,"4":1,"5":1,"6":1,"7":1,"8":1,"9":3,"10":1,"11":1,"12":1,"13":1,"14":1,"15":1,"16":0,"17":1,"18":1,"19":0,"20":0,"21":0,"22":1,"23":0,"24":0,"25":0,"26":0,"27":0,"28":0,"29":0,"30":0,"31":0,"32":0,"33":0,"34":1},"b":{"1":[0,3],"2":[3,3],"3":[0,0,0,0]},"f":{"1":3,"2":0,"3":1,"4":1,"5":0,"6":0,"7":0,"8":0},"fnMap":{"1":{"name":"_interopRequireDefault","line":6,"loc":{"start":{"line":6,"column":177},"end":{"line":6,"column":214}}},"2":{"name":"getAppViewState","line":90,"loc":{"start":{"line":90,"column":19},"end":{"line":90,"column":70}}},"3":{"name":"getActiveAppointment","line":93,"loc":{"start":{"line":93,"column":24},"end":{"line":93,"column":80}}},"4":{"name":"getClinicAppointments","line":96,"loc":{"start":{"line":96,"column":25},"end":{"line":96,"column":82}}},"5":{"name":"emitChange","line":99,"loc":{"start":{"line":99,"column":14},"end":{"line":99,"column":60}}},"6":{"name":"addChangeListener","line":103,"loc":{"start":{"line":103,"column":21},"end":{"line":103,"column":82}}},"7":{"name":"removeChangeListener","line":106,"loc":{"start":{"line":106,"column":24},"end":{"line":106,"column":88}}},"8":{"name":"(anonymous_8)","line":111,"loc":{"start":{"line":111,"column":85},"end":{"line":111,"column":103}}}},"statementMap":{"1":{"start":{"line":3,"column":0},"end":{"line":3,"column":56}},"2":{"start":{"line":4,"column":0},"end":{"line":4,"column":69}},"3":{"start":{"line":4,"column":94},"end":{"line":4,"column":153}},"4":{"start":{"line":5,"column":0},"end":{"line":5,"column":84}},"5":{"start":{"line":5,"column":109},"end":{"line":5,"column":170}},"6":{"start":{"line":6,"column":0},"end":{"line":6,"column":87}},"7":{"start":{"line":6,"column":112},"end":{"line":6,"column":177}},"8":{"start":{"line":6,"column":177},"end":{"line":6,"column":270}},"9":{"start":{"line":6,"column":215},"end":{"line":6,"column":269}},"10":{"start":{"line":8,"column":0},"end":{"line":8,"column":28}},"11":{"start":{"line":9,"column":0},"end":{"line":11,"column":22}},"12":{"start":{"line":13,"column":0},"end":{"line":13,"column":48}},"13":{"start":{"line":14,"column":0},"end":{"line":14,"column":31}},"14":{"start":{"line":15,"column":0},"end":{"line":15,"column":29}},"15":{"start":{"line":89,"column":0},"end":{"line":107,"column":53}},"16":{"start":{"line":91,"column":4},"end":{"line":91,"column":31}},"17":{"start":{"line":94,"column":4},"end":{"line":94,"column":33}},"18":{"start":{"line":97,"column":4},"end":{"line":97,"column":31}},"19":{"start":{"line":100,"column":4},"end":{"line":100,"column":28}},"20":{"start":{"line":104,"column":4},"end":{"line":104,"column":36}},"21":{"start":{"line":107,"column":4},"end":{"line":107,"column":48}},"22":{"start":{"line":111,"column":0},"end":{"line":129,"column":6}},"23":{"start":{"line":113,"column":2},"end":{"line":129,"column":3}},"24":{"start":{"line":115,"column":6},"end":{"line":115,"column":56}},"25":{"start":{"line":116,"column":6},"end":{"line":116,"column":31}},"26":{"start":{"line":117,"column":6},"end":{"line":117,"column":12}},"27":{"start":{"line":119,"column":6},"end":{"line":119,"column":29}},"28":{"start":{"line":120,"column":6},"end":{"line":120,"column":35}},"29":{"start":{"line":121,"column":6},"end":{"line":121,"column":31}},"30":{"start":{"line":122,"column":6},"end":{"line":122,"column":12}},"31":{"start":{"line":124,"column":6},"end":{"line":124,"column":48}},"32":{"start":{"line":125,"column":6},"end":{"line":125,"column":31}},"33":{"start":{"line":126,"column":6},"end":{"line":126,"column":12}},"34":{"start":{"line":132,"column":0},"end":{"line":132,"column":29}}},"branchMap":{"1":{"line":6,"type":"cond-expr","locations":[{"start":{"line":6,"column":246},"end":{"line":6,"column":249}},{"start":{"line":6,"column":252},"end":{"line":6,"column":268}}]},"2":{"line":6,"type":"binary-expr","locations":[{"start":{"line":6,"column":222},"end":{"line":6,"column":225}},{"start":{"line":6,"column":229},"end":{"line":6,"column":243}}]},"3":{"line":113,"type":"switch","locations":[{"start":{"line":114,"column":4},"end":{"line":117,"column":12}},{"start":{"line":118,"column":4},"end":{"line":122,"column":12}},{"start":{"line":123,"column":4},"end":{"line":126,"column":12}},{"start":{"line":127,"column":4},"end":{"line":127,"column":12}}]}},"l":{"3":1,"4":1,"5":1,"6":3,"8":1,"9":1,"13":1,"14":1,"15":1,"89":1,"91":0,"94":1,"97":1,"100":0,"104":0,"107":0,"111":1,"113":0,"115":0,"116":0,"117":0,"119":0,"120":0,"121":0,"122":0,"124":0,"125":0,"126":0,"132":1}}}
