TN:
SF:/Users/markpaul/Documents/software/react-native-universal-scaffold/src/common/actions/ClinicActions.js
FN:4,_interopRequireDefault
FN:8,selectAppointment
FN:15,updateAppointments
FNF:3
FNH:1
FNDA:6,_interopRequireDefault
FNDA:0,selectAppointment
FNDA:0,updateAppointments
DA:3,3
DA:4,6
DA:6,3
DA:9,0
DA:16,0
DA:24,3
LF:6
LH:4
BRDA:4,1,0,0
BRDA:4,1,1,6
BRDA:4,2,0,6
BRDA:4,2,1,6
BRF:4
BRH:3
end_of_record
TN:
SF:/Users/markpaul/Documents/software/react-native-universal-scaffold/src/common/dispatcher/AppDispatcher.js
FN:4,_interopRequireDefault
FN:9,Dispatcher
FN:17,register
FN:26,dispatch
FN:30,(anonymous_5)
FN:31,(anonymous_6)
FN:37,(anonymous_7)
FN:40,(anonymous_8)
FN:42,(anonymous_9)
FN:57,handleViewAction
FNF:10
FNH:1
FNDA:3,_interopRequireDefault
FNDA:0,Dispatcher
FNDA:0,register
FNDA:0,dispatch
FNDA:0,(anonymous_5)
FNDA:0,(anonymous_6)
FNDA:0,(anonymous_7)
FNDA:0,(anonymous_8)
FNDA:0,(anonymous_9)
FNDA:0,handleViewAction
DA:3,3
DA:4,3
DA:6,3
DA:7,3
DA:9,3
DA:10,3
DA:18,0
DA:19,0
DA:28,0
DA:29,0
DA:30,0
DA:31,0
DA:32,0
DA:33,0
DA:37,0
DA:40,0
DA:41,0
DA:43,0
DA:46,0
DA:50,3
DA:58,0
DA:66,3
LF:22
LH:8
BRDA:4,1,0,0
BRDA:4,1,1,3
BRDA:4,2,0,3
BRDA:4,2,1,3
BRF:4
BRH:3
end_of_record
TN:
SF:/Users/markpaul/Documents/software/react-native-universal-scaffold/src/common/constants/ClinicConstants.js
FN:3,_interopRequireDefault
FNF:1
FNH:1
FNDA:3,_interopRequireDefault
DA:3,3
DA:5,3
LF:2
LH:2
BRDA:3,1,0,0
BRDA:3,1,1,3
BRDA:3,2,0,3
BRDA:3,2,1,3
BRF:4
BRH:3
end_of_record
