TN:
SF:/Users/markpaul/Documents/projects/clinic-app/src/common/actions/ClinicActions.js
FN:4,_interopRequireDefault
FN:7,updateActiveScreen
FN:13,selectAppointment
FN:20,updateAppointments
FNF:4
FNH:1
FNDA:2,_interopRequireDefault
FNDA:0,updateActiveScreen
FNDA:0,selectAppointment
FNDA:0,updateAppointments
DA:3,1
DA:4,2
DA:6,1
DA:8,0
DA:14,0
DA:21,0
DA:29,1
LF:7
LH:4
BRDA:4,1,0,0
BRDA:4,1,1,2
BRDA:4,2,0,2
BRDA:4,2,1,0
BRF:4
BRH:2
end_of_record
TN:
SF:/Users/markpaul/Documents/projects/clinic-app/src/common/dispatcher/AppDispatcher.js
FN:4,_interopRequireDefault
FN:9,Dispatcher
FN:17,register
FN:26,dispatch
FN:30,(anonymous_5)
FN:31,(anonymous_6)
FN:37,(anonymous_7)
FN:40,(anonymous_8)
FN:42,(anonymous_9)
FN:57,handleViewAction
FNF:10
FNH:1
FNDA:2,_interopRequireDefault
FNDA:0,Dispatcher
FNDA:0,register
FNDA:0,dispatch
FNDA:0,(anonymous_5)
FNDA:0,(anonymous_6)
FNDA:0,(anonymous_7)
FNDA:0,(anonymous_8)
FNDA:0,(anonymous_9)
FNDA:0,handleViewAction
DA:3,2
DA:4,2
DA:6,2
DA:7,2
DA:9,2
DA:10,2
DA:18,0
DA:19,0
DA:28,0
DA:29,0
DA:30,0
DA:31,0
DA:32,0
DA:33,0
DA:37,0
DA:40,0
DA:41,0
DA:43,0
DA:46,0
DA:50,2
DA:58,0
DA:66,2
LF:22
LH:8
BRDA:4,1,0,0
BRDA:4,1,1,2
BRDA:4,2,0,2
BRDA:4,2,1,2
BRF:4
BRH:3
end_of_record
TN:
SF:/Users/markpaul/Documents/projects/clinic-app/src/common/constants/ClinicConstants.js
FN:3,_interopRequireDefault
FNF:1
FNH:1
FNDA:2,_interopRequireDefault
DA:3,2
DA:5,2
LF:2
LH:2
BRDA:3,1,0,0
BRDA:3,1,1,2
BRDA:3,2,0,2
BRDA:3,2,1,2
BRF:4
BRH:3
end_of_record
TN:
SF:/Users/markpaul/Documents/projects/clinic-app/src/common/stores/ClinicStore.js
FN:6,_interopRequireDefault
FN:90,getAppViewState
FN:93,getActiveAppointment
FN:96,getClinicAppointments
FN:99,emitChange
FN:103,addChangeListener
FN:106,removeChangeListener
FN:111,(anonymous_8)
FNF:8
FNH:3
FNDA:3,_interopRequireDefault
FNDA:0,getAppViewState
FNDA:1,getActiveAppointment
FNDA:1,getClinicAppointments
FNDA:0,emitChange
FNDA:0,addChangeListener
FNDA:0,removeChangeListener
FNDA:0,(anonymous_8)
DA:3,1
DA:4,1
DA:5,1
DA:6,3
DA:8,1
DA:9,1
DA:13,1
DA:14,1
DA:15,1
DA:89,1
DA:91,0
DA:94,1
DA:97,1
DA:100,0
DA:104,0
DA:107,0
DA:111,1
DA:113,0
DA:115,0
DA:116,0
DA:117,0
DA:119,0
DA:120,0
DA:121,0
DA:122,0
DA:124,0
DA:125,0
DA:126,0
DA:132,1
LF:29
LH:14
BRDA:6,1,0,0
BRDA:6,1,1,3
BRDA:6,2,0,3
BRDA:6,2,1,3
BRDA:113,3,0,0
BRDA:113,3,1,0
BRDA:113,3,2,0
BRDA:113,3,3,0
BRF:8
BRH:3
end_of_record
